=~=~=~=~=~=~=~=~=~=~=~= PuTTY log 2016.08.05 22:41:16 =~=~=~=~=~=~=~=~=~=~=~=

Unknown command 'fsdf' - try 'help'
U-Boot> 
Unknown command 'fsdf' - try 'help'
U-Boot> 
Unknown command 'fsdf' - try 'help'
U-Boot> 
Unknown command 'fsdf' - try 'help'
U-Boot> s
Unknown command 's' - try 'help'
U-Boot> df
Unknown command 'df' - try 'help'
U-Boot> 
Unknown command 'df' - try 'help'
U-Boot> sdf
Unknown command 'sdf' - try 'help'
U-Boot> 
Unknown command 'sdf' - try 'help'
U-Boot> 
Unknown command 'sdf' - try 'help'
U-Boot> 
Unknown command 'sdf' - try 'help'
U-Boot> df
Unknown command 'df' - try 'help'
U-Boot> d
No ethernet found.
U-Boot> f
Unknown command 'f' - try 'help'
U-Boot> 
Unknown command 'f' - try 'help'
U-Boot> 